

 measurements  1
[OII]3727        0.073 +/- 0.46
[SII]6731        0.011 +/- 0.16
[SIII9532]       nan +/- nan
[OI]6300         0.024 +/- 0.14
[OIII]5007       0.016 +/- 0.13
[NII]6584        0.008 +/- 0.18
[SII]6717        0.021 +/- 0.14
Hb               0.042 +/- 0.17
Ha               0.048 +/- 0.18
[SIII9069]       nan +/- nan
[OIII]4959       0.011 +/- 0.13



 measurements  2
[OII]3727        0.0 +/- 0.0
[SII]6731        0.0 +/- 0.0
[SIII9532]       nan +/- nan
[OI]6300         0.024 +/- 0.13
[OIII]5007       0.022 +/- 0.14
[NII]6584        0.0043 +/- 0.12
[SII]6717        0.058 +/- 0.22
Hb               0.14 +/- 0.57
Ha               0.054 +/- 0.14
[SIII9069]       nan +/- nan
[OIII]4959       0.026 +/- 0.14



 measurements  3
[OII]3727        0.037 +/- 0.24
[SII]6731        0.05 +/- 0.2
[SIII9532]       nan +/- nan
[OI]6300         0.087 +/- 0.36
[OIII]5007       0.03 +/- 0.28
[NII]6584        0.025 +/- 0.15
[SII]6717        0.045 +/- 0.43
Hb               0.05 +/- 0.15
Ha               0.3 +/- 0.57
[SIII9069]       nan +/- nan
[OIII]4959       0.017 +/- 0.22



 measurements  4
[OII]3727        0.0 +/- 0.0
[SII]6731        0.022 +/- 0.14
[SIII9532]       nan +/- nan
[OI]6300         0.059 +/- 0.21
[OIII]5007       0.018 +/- 0.23
[NII]6584        0.019 +/- 0.18
[SII]6717        0.025 +/- 0.14
Hb               0.028 +/- 0.17
Ha               0.25 +/- 0.19
[SIII9069]       nan +/- nan
[OIII]4959       0.012 +/- 0.13



 measurements  5
[OII]3727        0.12 +/- 0.23
[SII]6731        0.034 +/- 0.13
[SIII9532]       nan +/- nan
[OI]6300         0.0099 +/- 0.14
[OIII]5007       0.048 +/- 0.14
[NII]6584        0.08 +/- 0.21
[SII]6717        0.067 +/- 0.19
Hb               0.078 +/- 0.17
Ha               0.3 +/- 0.28
[SIII9069]       nan +/- nan
[OIII]4959       0.0094 +/- 0.13



 measurements  6
[OII]3727        0.28 +/- 0.47
[SII]6731        0.07 +/- 0.2
[SIII9532]       nan +/- nan
[OI]6300         0.11 +/- 0.42
[OIII]5007       0.048 +/- 0.14
[NII]6584        0.15 +/- 0.27
[SII]6717        0.16 +/- 0.29
Hb               0.1 +/- 0.21
Ha               0.44 +/- 0.28
[SIII9069]       nan +/- nan
[OIII]4959       0.017 +/- 0.14



 measurements  7
[OII]3727        0.32 +/- 0.63
[SII]6731        0.028 +/- 0.19
[SIII9532]       nan +/- nan
[OI]6300         0.018 +/- 0.16
[OIII]5007       0.064 +/- 0.25
[NII]6584        0.12 +/- 0.27
[SII]6717        0.085 +/- 0.22
Hb               0.11 +/- 0.23
Ha               0.37 +/- 0.32
[SIII9069]       nan +/- nan
[OIII]4959       0.027 +/- 0.16



 measurements  8
[OII]3727        0.42 +/- 0.79
[SII]6731        0.056 +/- 0.2
[SIII9532]       nan +/- nan
[OI]6300         0.049 +/- 0.14
[OIII]5007       0.11 +/- 0.28
[NII]6584        0.11 +/- 0.23
[SII]6717        0.095 +/- 0.21
Hb               0.13 +/- 0.21
Ha               0.44 +/- 0.29
[SIII9069]       nan +/- nan
[OIII]4959       0.04 +/- 0.13



 measurements  9
[OII]3727        0.33 +/- 0.59
[SII]6731        0.072 +/- 0.19
[SIII9532]       nan +/- nan
[OI]6300         0.048 +/- 0.14
[OIII]5007       0.12 +/- 0.26
[NII]6584        0.14 +/- 0.22
[SII]6717        0.097 +/- 0.21
Hb               0.14 +/- 0.21
Ha               0.57 +/- 0.29
[SIII9069]       nan +/- nan
[OIII]4959       0.05 +/- 0.13



 measurements  10
[OII]3727        0.37 +/- 0.49
[SII]6731        0.07 +/- 0.19
[SIII9532]       nan +/- nan
[OI]6300         0.099 +/- 0.46
[OIII]5007       0.14 +/- 0.3
[NII]6584        0.18 +/- 0.24
[SII]6717        0.11 +/- 0.21
Hb               0.15 +/- 0.21
Ha               0.67 +/- 0.33
[SIII9069]       nan +/- nan
[OIII]4959       0.057 +/- 0.18



 measurements  11
[OII]3727        0.33 +/- 0.49
[SII]6731        0.12 +/- 0.22
[SIII9532]       nan +/- nan
[OI]6300         0.043 +/- 0.15
[OIII]5007       0.066 +/- 0.15
[NII]6584        0.11 +/- 0.21
[SII]6717        0.16 +/- 0.36
Hb               0.12 +/- 0.22
Ha               0.48 +/- 0.29
[SIII9069]       nan +/- nan
[OIII]4959       0.057 +/- 0.19



 measurements  12
[OII]3727        0.22 +/- 0.39
[SII]6731        0.085 +/- 0.26
[SIII9532]       nan +/- nan
[OI]6300         0.043 +/- 0.21
[OIII]5007       0.23 +/- 0.62
[NII]6584        0.069 +/- 0.17
[SII]6717        0.12 +/- 0.32
Hb               0.28 +/- 0.64
Ha               0.35 +/- 0.36
[SIII9069]       nan +/- nan
[OIII]4959       0.13 +/- 0.8



 measurements  13
[OII]3727        0.19 +/- 0.37
[SII]6731        0.062 +/- 0.2
[SIII9532]       nan +/- nan
[OI]6300         0.053 +/- 0.2
[OIII]5007       0.13 +/- 0.46
[NII]6584        0.06 +/- 0.15
[SII]6717        0.089 +/- 0.2
Hb               0.14 +/- 0.47
Ha               0.29 +/- 0.33
[SIII9069]       nan +/- nan
[OIII]4959       0.055 +/- 0.21



 measurements  14
[OII]3727        0.47 +/- 0.47
[SII]6731        0.12 +/- 0.24
[SIII9532]       nan +/- nan
[OI]6300         0.13 +/- 0.46
[OIII]5007       0.14 +/- 0.33
[NII]6584        0.17 +/- 0.24
[SII]6717        0.15 +/- 0.25
Hb               0.22 +/- 0.27
Ha               0.55 +/- 0.33
[SIII9069]       nan +/- nan
[OIII]4959       0.012 +/- 0.14



 measurements  15
[OII]3727        0.47 +/- 0.47
[SII]6731        0.12 +/- 0.26
[SIII9532]       nan +/- nan
[OI]6300         0.15 +/- 0.42
[OIII]5007       0.13 +/- 0.29
[NII]6584        0.21 +/- 0.27
[SII]6717        0.18 +/- 0.29
Hb               0.23 +/- 0.27
Ha               0.71 +/- 0.36
[SIII9069]       nan +/- nan
[OIII]4959       0.021 +/- 0.14



 measurements  16
[OII]3727        0.41 +/- 0.46
[SII]6731        0.11 +/- 0.24
[SIII9532]       nan +/- nan
[OI]6300         0.16 +/- 0.42
[OIII]5007       0.12 +/- 0.27
[NII]6584        0.24 +/- 0.28
[SII]6717        0.19 +/- 0.28
Hb               0.22 +/- 0.27
Ha               0.8 +/- 0.36
[SIII9069]       nan +/- nan
[OIII]4959       0.019 +/- 0.16



 measurements  17
[OII]3727        0.42 +/- 0.59
[SII]6731        0.16 +/- 0.27
[SIII9532]       nan +/- nan
[OI]6300         0.049 +/- 0.16
[OIII]5007       0.068 +/- 0.17
[NII]6584        0.18 +/- 0.31
[SII]6717        0.19 +/- 0.4
Hb               0.15 +/- 0.28
Ha               0.55 +/- 0.32
[SIII9069]       nan +/- nan
[OIII]4959       0.055 +/- 0.22



 measurements  18
[OII]3727        0.38 +/- 0.59
[SII]6731        0.14 +/- 0.26
[SIII9532]       nan +/- nan
[OI]6300         0.058 +/- 0.19
[OIII]5007       0.083 +/- 0.28
[NII]6584        0.15 +/- 0.23
[SII]6717        0.21 +/- 0.39
Hb               0.14 +/- 0.27
Ha               0.56 +/- 0.31
[SIII9069]       nan +/- nan
[OIII]4959       0.054 +/- 0.23



 measurements  19
[OII]3727        0.36 +/- 0.49
[SII]6731        0.11 +/- 0.21
[SIII9532]       nan +/- nan
[OI]6300         0.049 +/- 0.14
[OIII]5007       0.091 +/- 0.24
[NII]6584        0.17 +/- 0.21
[SII]6717        0.18 +/- 0.29
Hb               0.14 +/- 0.23
Ha               0.61 +/- 0.28
[SIII9069]       nan +/- nan
[OIII]4959       0.05 +/- 0.26



 measurements  20
[OII]3727        0.4 +/- 0.44
[SII]6731        0.1 +/- 0.19
[SIII9532]       nan +/- nan
[OI]6300         0.049 +/- 0.2
[OIII]5007       0.091 +/- 0.21
[NII]6584        0.21 +/- 0.22
[SII]6717        0.16 +/- 0.25
Hb               0.16 +/- 0.21
Ha               0.66 +/- 0.29
[SIII9069]       nan +/- nan
[OIII]4959       0.034 +/- 0.14



 measurements  21
[OII]3727        0.096 +/- 0.26
[SII]6731        0.014 +/- 0.13
[SIII9532]       nan +/- nan
[OI]6300         0.029 +/- 0.29
[OIII]5007       0.026 +/- 0.14
[NII]6584        0.033 +/- 0.26
[SII]6717        0.093 +/- 0.43
Hb               0.07 +/- 0.22
Ha               0.22 +/- 0.3
[SIII9069]       nan +/- nan
[OIII]4959       0.023 +/- 0.14



 measurements  22
[OII]3727        0.1 +/- 0.31
[SII]6731        0.022 +/- 0.15
[SIII9532]       nan +/- nan
[OI]6300         0.021 +/- 0.2
[OIII]5007       0.023 +/- 0.15
[NII]6584        0.052 +/- 0.32
[SII]6717        0.1 +/- 0.4
Hb               0.053 +/- 0.23
Ha               0.21 +/- 0.37
[SIII9069]       nan +/- nan
[OIII]4959       0.041 +/- 0.22



 measurements  23
[OII]3727        0.19 +/- 0.55
[SII]6731        0.023 +/- 0.13
[SIII9532]       nan +/- nan
[OI]6300         0.053 +/- 0.22
[OIII]5007       0.028 +/- 0.13
[NII]6584        0.049 +/- 0.24
[SII]6717        0.086 +/- 0.23
Hb               0.048 +/- 0.19
Ha               0.25 +/- 0.33
[SIII9069]       nan +/- nan
[OIII]4959       0.016 +/- 0.12



 measurements  24
[OII]3727        0.33 +/- 0.41
[SII]6731        0.12 +/- 0.24
[SIII9532]       nan +/- nan
[OI]6300         0.054 +/- 0.14
[OIII]5007       0.059 +/- 0.17
[NII]6584        0.096 +/- 0.16
[SII]6717        0.16 +/- 0.3
Hb               0.12 +/- 0.22
Ha               0.45 +/- 0.3
[SIII9069]       nan +/- nan
[OIII]4959       0.05 +/- 0.14



 measurements  25
[OII]3727        0.51 +/- 0.51
[SII]6731        0.12 +/- 0.23
[SIII9532]       nan +/- nan
[OI]6300         0.075 +/- 0.18
[OIII]5007       0.11 +/- 0.27
[NII]6584        0.2 +/- 0.28
[SII]6717        0.17 +/- 0.26
Hb               0.23 +/- 0.28
Ha               0.65 +/- 0.4
[SIII9069]       nan +/- nan
[OIII]4959       0.0094 +/- 0.16



 measurements  26
[OII]3727        0.6 +/- 0.6
[SII]6731        0.14 +/- 0.22
[SIII9532]       nan +/- nan
[OI]6300         0.077 +/- 0.17
[OIII]5007       0.13 +/- 0.28
[NII]6584        0.25 +/- 0.26
[SII]6717        0.22 +/- 0.26
Hb               0.29 +/- 0.3
Ha               0.84 +/- 0.36
[SIII9069]       nan +/- nan
[OIII]4959       0.0084 +/- 0.17



 measurements  27
[OII]3727        0.51 +/- 0.42
[SII]6731        0.2 +/- 0.28
[SIII9532]       nan +/- nan
[OI]6300         0.077 +/- 0.18
[OIII]5007       0.14 +/- 0.31
[NII]6584        0.4 +/- 0.29
[SII]6717        0.22 +/- 0.29
Hb               0.33 +/- 0.3
Ha               1.1 +/- 0.38
[SIII9069]       nan +/- nan
[OIII]4959       0.052 +/- 0.17



 measurements  28
[OII]3727        0.45 +/- 0.64
[SII]6731        0.17 +/- 0.24
[SIII9532]       nan +/- nan
[OI]6300         0.054 +/- 0.28
[OIII]5007       0.09 +/- 0.16
[NII]6584        0.24 +/- 0.28
[SII]6717        0.16 +/- 0.25
Hb               0.24 +/- 0.32
Ha               0.65 +/- 0.29
[SIII9069]       nan +/- nan
[OIII]4959       0.053 +/- 0.18



 measurements  29
[OII]3727        0.45 +/- 0.58
[SII]6731        0.18 +/- 0.27
[SIII9532]       nan +/- nan
[OI]6300         0.044 +/- 0.2
[OIII]5007       0.076 +/- 0.16
[NII]6584        0.21 +/- 0.26
[SII]6717        0.2 +/- 0.31
Hb               0.23 +/- 0.3
Ha               0.65 +/- 0.3
[SIII9069]       nan +/- nan
[OIII]4959       0.045 +/- 0.2



 measurements  30
[OII]3727        0.45 +/- 0.55
[SII]6731        0.18 +/- 0.27
[SIII9532]       nan +/- nan
[OI]6300         0.051 +/- 0.2
[OIII]5007       0.094 +/- 0.24
[NII]6584        0.2 +/- 0.22
[SII]6717        0.21 +/- 0.29
Hb               0.23 +/- 0.3
Ha               0.68 +/- 0.29
[SIII9069]       nan +/- nan
[OIII]4959       0.049 +/- 0.2



 measurements  31
[OII]3727        0.46 +/- 0.46
[SII]6731        0.16 +/- 0.3
[SIII9532]       nan +/- nan
[OI]6300         0.061 +/- 0.28
[OIII]5007       0.11 +/- 0.23
[NII]6584        0.22 +/- 0.24
[SII]6717        0.17 +/- 0.25
Hb               0.25 +/- 0.28
Ha               0.76 +/- 0.33
[SIII9069]       nan +/- nan
[OIII]4959       0.038 +/- 0.19



 measurements  32
[OII]3727        0.54 +/- 0.49
[SII]6731        0.14 +/- 0.24
[SIII9532]       nan +/- nan
[OI]6300         0.1 +/- 0.46
[OIII]5007       0.11 +/- 0.24
[NII]6584        0.27 +/- 0.25
[SII]6717        0.19 +/- 0.26
Hb               0.26 +/- 0.31
Ha               0.89 +/- 0.35
[SIII9069]       nan +/- nan
[OIII]4959       0.04 +/- 0.17



 measurements  33
[OII]3727        0.14 +/- 0.54
[SII]6731        0.033 +/- 0.4
[SIII9532]       nan +/- nan
[OI]6300         0.01 +/- 0.15
[OIII]5007       0.023 +/- 0.16
[NII]6584        0.037 +/- 0.26
[SII]6717        0.052 +/- 0.36
Hb               0.091 +/- 0.29
Ha               0.18 +/- 0.3
[SIII9069]       nan +/- nan
[OIII]4959       0.059 +/- 0.39



 measurements  34
[OII]3727        0.14 +/- 0.61
[SII]6731        0.026 +/- 0.55
[SIII9532]       nan +/- nan
[OI]6300         0.02 +/- 0.18
[OIII]5007       0.021 +/- 0.14
[NII]6584        0.041 +/- 0.26
[SII]6717        0.071 +/- 0.53
Hb               0.066 +/- 0.26
Ha               0.17 +/- 0.31
[SIII9069]       nan +/- nan
[OIII]4959       0.054 +/- 0.36



 measurements  35
[OII]3727        0.46 +/- 0.64
[SII]6731        0.17 +/- 0.25
[SIII9532]       nan +/- nan
[OI]6300         0.058 +/- 0.25
[OIII]5007       0.096 +/- 0.16
[NII]6584        0.29 +/- 0.27
[SII]6717        0.21 +/- 0.25
Hb               0.29 +/- 0.31
Ha               0.79 +/- 0.3
[SIII9069]       nan +/- nan
[OIII]4959       0.046 +/- 0.15

